<?xml version="1.0" encoding="UTF-8"?>
<!-- Generated by org.testng.reporters.JUnitXMLReporter -->
<testsuite ignored="0" hostname="LTIN236341" failures="0" tests="5" name="Default test" time="50.492" errors="0" timestamp="2024-03-05T14:28:05 IST">
  <testcase classname="testScenarios.DisplayBookshelves" name="clickOnBookShelvesMenu" time="12.884"/>
  <testcase classname="testScenarios.DisplayBookshelves" name="mouseHoverOfBrandFilter" time="14.927"/>
  <testcase classname="testScenarios.DisplayBookshelves" name="giftCard" time="5.303"/>
  <testcase classname="testScenarios.DisplayBookshelves" name="screenShotOfErrorMessage" time="0.451"/>
  <testcase classname="testScenarios.DisplayBookshelves" name="displayErrorMessage" time="0.032"/>
</testsuite> <!-- Default test -->
