<?xml version="1.0" encoding="UTF-8"?>
<!-- Generated by org.testng.reporters.JUnitXMLReporter -->
<testsuite ignored="4" hostname="LTIN236341" failures="0" tests="1" name="Regression Test one" time="14.988" errors="0" timestamp="2024-03-05T14:21:22 IST">
  <testcase classname="testScenarios.DisplayBookshelves" name="mouseHoverOfBrandFilter" time="14.985"/>
  <testcase classname="testScenarios.DisplayBookshelves" name="displayErrorMessage" time="0.0">
    <ignored/>
  </testcase> <!-- displayErrorMessage -->
  <testcase classname="testScenarios.DisplayBookshelves" name="clickOnBookShelvesMenu" time="0.0">
    <ignored/>
  </testcase> <!-- clickOnBookShelvesMenu -->
  <testcase classname="testScenarios.DisplayBookshelves" name="screenShotOfErrorMessage" time="0.0">
    <ignored/>
  </testcase> <!-- screenShotOfErrorMessage -->
  <testcase classname="testScenarios.DisplayBookshelves" name="giftCard" time="0.0">
    <ignored/>
  </testcase> <!-- giftCard -->
</testsuite> <!-- Regression Test one -->
