<?xml version="1.0" encoding="UTF-8"?>
<!-- Generated by org.testng.reporters.JUnitXMLReporter -->
<testsuite ignored="2" hostname="LTIN236341" failures="0" tests="3" name="Smoke Test two" time="9.081" errors="0" timestamp="2024-03-05T14:21:31 IST">
  <testcase classname="testScenarios.DisplayBookshelves" name="giftCard" time="5.549"/>
  <testcase classname="testScenarios.DisplayBookshelves" name="screenShotOfErrorMessage" time="0.196"/>
  <testcase classname="testScenarios.DisplayBookshelves" name="displayErrorMessage" time="0.023"/>
  <testcase classname="testScenarios.DisplayBookshelves" name="mouseHoverOfBrandFilter" time="0.0">
    <ignored/>
  </testcase> <!-- mouseHoverOfBrandFilter -->
  <testcase classname="testScenarios.DisplayBookshelves" name="clickOnBookShelvesMenu" time="0.0">
    <ignored/>
  </testcase> <!-- clickOnBookShelvesMenu -->
</testsuite> <!-- Smoke Test two -->
