<?xml version="1.0" encoding="UTF-8"?>
<testng-results ignored="0" total="5" passed="5" failed="0" skipped="0">
  <reporter-output>
  </reporter-output>
  <suite started-at="2024-03-05T14:27:15 IST" name="Default suite" finished-at="2024-03-05T14:28:05 IST" duration-ms="50492">
    <groups>
      <group name="Smoke Test two">
        <method signature="DisplayBookshelves.giftCard()[pri:3, instance:testScenarios.DisplayBookshelves@55b699ef]" name="giftCard" class="testScenarios.DisplayBookshelves"/>
        <method signature="DisplayBookshelves.screenShotOfErrorMessage()[pri:4, instance:testScenarios.DisplayBookshelves@55b699ef]" name="screenShotOfErrorMessage" class="testScenarios.DisplayBookshelves"/>
        <method signature="DisplayBookshelves.displayErrorMessage()[pri:5, instance:testScenarios.DisplayBookshelves@55b699ef]" name="displayErrorMessage" class="testScenarios.DisplayBookshelves"/>
      </group> <!-- Smoke Test two -->
      <group name="Smoke Test one">
        <method signature="DisplayBookshelves.clickOnBookShelvesMenu()[pri:1, instance:testScenarios.DisplayBookshelves@55b699ef]" name="clickOnBookShelvesMenu" class="testScenarios.DisplayBookshelves"/>
      </group> <!-- Smoke Test one -->
      <group name="Regression Test one">
        <method signature="DisplayBookshelves.mouseHoverOfBrandFilter()[pri:2, instance:testScenarios.DisplayBookshelves@55b699ef]" name="mouseHoverOfBrandFilter" class="testScenarios.DisplayBookshelves"/>
      </group> <!-- Regression Test one -->
    </groups>
    <test started-at="2024-03-05T14:27:15 IST" name="Default test" finished-at="2024-03-05T14:28:05 IST" duration-ms="50492">
      <class name="testScenarios.DisplayBookshelves">
        <test-method is-config="true" signature="driverConfig()[pri:0, instance:testScenarios.DisplayBookshelves@55b699ef]" started-at="2024-03-05T14:27:15 IST" name="driverConfig" finished-at="2024-03-05T14:27:28 IST" duration-ms="13321" status="PASS">
          <reporter-output>
          </reporter-output>
        </test-method> <!-- driverConfig -->
        <test-method signature="clickOnBookShelvesMenu()[pri:1, instance:testScenarios.DisplayBookshelves@55b699ef]" started-at="2024-03-05T14:27:28 IST" name="clickOnBookShelvesMenu" finished-at="2024-03-05T14:27:41 IST" duration-ms="12884" status="PASS">
          <reporter-output>
          </reporter-output>
        </test-method> <!-- clickOnBookShelvesMenu -->
        <test-method signature="mouseHoverOfBrandFilter()[pri:2, instance:testScenarios.DisplayBookshelves@55b699ef]" started-at="2024-03-05T14:27:41 IST" name="mouseHoverOfBrandFilter" finished-at="2024-03-05T14:27:56 IST" duration-ms="14927" status="PASS">
          <reporter-output>
          </reporter-output>
        </test-method> <!-- mouseHoverOfBrandFilter -->
        <test-method signature="giftCard()[pri:3, instance:testScenarios.DisplayBookshelves@55b699ef]" started-at="2024-03-05T14:27:56 IST" name="giftCard" finished-at="2024-03-05T14:28:01 IST" duration-ms="5303" status="PASS">
          <reporter-output>
          </reporter-output>
        </test-method> <!-- giftCard -->
        <test-method signature="screenShotOfErrorMessage()[pri:4, instance:testScenarios.DisplayBookshelves@55b699ef]" started-at="2024-03-05T14:28:01 IST" name="screenShotOfErrorMessage" finished-at="2024-03-05T14:28:02 IST" duration-ms="451" status="PASS">
          <reporter-output>
          </reporter-output>
        </test-method> <!-- screenShotOfErrorMessage -->
        <test-method signature="displayErrorMessage()[pri:5, instance:testScenarios.DisplayBookshelves@55b699ef]" started-at="2024-03-05T14:28:02 IST" name="displayErrorMessage" finished-at="2024-03-05T14:28:02 IST" duration-ms="32" status="PASS">
          <reporter-output>
          </reporter-output>
        </test-method> <!-- displayErrorMessage -->
        <test-method is-config="true" signature="closingBrowser()[pri:0, instance:testScenarios.DisplayBookshelves@55b699ef]" started-at="2024-03-05T14:28:02 IST" name="closingBrowser" finished-at="2024-03-05T14:28:05 IST" duration-ms="3486" status="PASS">
          <reporter-output>
          </reporter-output>
        </test-method> <!-- closingBrowser -->
      </class> <!-- testScenarios.DisplayBookshelves -->
    </test> <!-- Default test -->
  </suite> <!-- Default suite -->
</testng-results>
